[debug] [2022-10-03T15:44:22.654Z] ----------------------------------------------------------------------
[debug] [2022-10-03T15:44:22.656Z] Command:       C:\Program Files\nodejs\node.exe C:\Users\Mohammed\AppData\Roaming\npm\node_modules\firebase-tools\lib\bin\firebase.js init
[debug] [2022-10-03T15:44:22.657Z] CLI Version:   11.13.0
[debug] [2022-10-03T15:44:22.657Z] Platform:      win32
[debug] [2022-10-03T15:44:22.657Z] Node Version:  v16.13.2
[debug] [2022-10-03T15:44:22.658Z] Time:          Mon Oct 03 2022 11:44:22 GMT-0400 (Eastern Daylight Time)
[debug] [2022-10-03T15:44:22.659Z] ----------------------------------------------------------------------
[debug] 
[debug] [2022-10-03T15:44:22.666Z] > command requires scopes: ["email","openid","https://www.googleapis.com/auth/cloudplatformprojects.readonly","https://www.googleapis.com/auth/firebase","https://www.googleapis.com/auth/cloud-platform"]
[debug] [2022-10-03T15:44:22.667Z] > authorizing via signed-in user (mohammed0302093@gmail.com)
[info] 
     ######## #### ########  ######## ########     ###     ######  ########
     ##        ##  ##     ## ##       ##     ##  ##   ##  ##       ##
     ######    ##  ########  ######   ########  #########  ######  ######
     ##        ##  ##    ##  ##       ##     ## ##     ##       ## ##
     ##       #### ##     ## ######## ########  ##     ##  ######  ########

You're about to initialize a Firebase project in this directory:

  C:\Users\Mohammed\OneDrive\Desktop\React_projects\covid-19-tracker

[info] 
=== Project Setup
[info] 
[info] First, let's associate this project directory with a Firebase project.
[info] You can create multiple project aliases by running firebase use --add, 
[info] but for now we'll just set up a default project.
[info] 
[debug] [2022-10-03T15:44:52.878Z] >>> [apiv2][query] GET https://firebase.googleapis.com/v1beta1/projects pageSize=100
[debug] [2022-10-03T15:44:53.280Z] <<< [apiv2][status] GET https://firebase.googleapis.com/v1beta1/projects 200
[debug] [2022-10-03T15:44:53.280Z] <<< [apiv2][body] GET https://firebase.googleapis.com/v1beta1/projects [omitted]
[info] i  Using project coivd19-tracker (COIVD19 Tracker) 
[info] 
=== Hosting Setup
[info] 
[info] Your public directory is the folder (relative to your project directory) that
[info] will contain Hosting assets to be uploaded with firebase deploy. If you
[info] have a build process for your assets, use your build's output directory.
[info] 
[debug] [2022-10-03T15:45:38.851Z] >>> [apiv2][query] GET https://www.gstatic.com/firebasejs/releases.json [none]
[debug] [2022-10-03T15:45:38.933Z] <<< [apiv2][status] GET https://www.gstatic.com/firebasejs/releases.json 200
[debug] [2022-10-03T15:45:38.933Z] <<< [apiv2][body] GET https://www.gstatic.com/firebasejs/releases.json {"current":{"version":"9.10.0","browserURL":"https://www.gstatic.com/firebasejs/9.10.0/firebase.js","packageURL":"https://www.gstatic.com/firebasejs/9.10.0/firebase.tgz"},"live":{"version":"9.10","browserURL":"https://www.gstatic.com/firebasejs/live/9.10/firebase.js","packageURL":"https://www.gstatic.com/firebasejs/live/9.10/firebase.tgz"},"components":{"analytics":"https://www.gstatic.com/firebasejs/9.10.0/firebase-analytics.js","app":"https://www.gstatic.com/firebasejs/9.10.0/firebase-app.js","app-check":"https://www.gstatic.com/firebasejs/9.10.0/firebase-app-check.js","auth":"https://www.gstatic.com/firebasejs/9.10.0/firebase-auth.js","auth/cordova":"https://www.gstatic.com/firebasejs/9.10.0/firebase-auth/cordova.js","auth/react-native":"https://www.gstatic.com/firebasejs/9.10.0/firebase-auth/react-native.js","functions":"https://www.gstatic.com/firebasejs/9.10.0/firebase-functions.js","firestore":"https://www.gstatic.com/firebasejs/9.10.0/firebase-firestore.js","firestore/lite":"https://www.gstatic.com/firebasejs/9.10.0/firebase-firestore/lite.js","installations":"https://www.gstatic.com/firebasejs/9.10.0/firebase-installations.js","storage":"https://www.gstatic.com/firebasejs/9.10.0/firebase-storage.js","performance":"https://www.gstatic.com/firebasejs/9.10.0/firebase-performance.js","remote-config":"https://www.gstatic.com/firebasejs/9.10.0/firebase-remote-config.js","messaging":"https://www.gstatic.com/firebasejs/9.10.0/firebase-messaging.js","messaging/sw":"https://www.gstatic.com/firebasejs/9.10.0/firebase-messaging/sw.js","database":"https://www.gstatic.com/firebasejs/9.10.0/firebase-database.js","firestore.memory":"https://www.gstatic.com/firebasejs/9.10.0/firebase-firestore.memory.js"}}
[info] +  Wrote build/index.html 
[info] 
[info] i  Detected a .git folder at C:\Users\Mohammed\OneDrive\Desktop\React_projects\covid-19-tracker 
[info] i  Authorizing with GitHub to upload your service account to a GitHub repository's secrets store. 
[info] 
[info] Visit this URL on this device to log in:
[info] https://github.com/login/oauth/authorize?client_id=89cf50f02ac6aaed3484&state=347526239&redirect_uri=http%3A%2F%2Flocalhost%3A9005&scope=read%3Auser%20repo%20public_repo
[info] 
[info] Waiting for authentication...
[debug] [2022-10-03T15:45:50.494Z] >>> [apiv2][query] POST https://github.com/login/oauth/access_token [none]
[debug] [2022-10-03T15:45:50.494Z] >>> [apiv2][body] POST https://github.com/login/oauth/access_token [stream]
[debug] [2022-10-03T15:45:50.774Z] <<< [apiv2][status] POST https://github.com/login/oauth/access_token 200
[debug] [2022-10-03T15:45:50.774Z] <<< [apiv2][body] POST https://github.com/login/oauth/access_token {"access_token":"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","token_type":"bearer","scope":"read:user,repo"}
[debug] [2022-10-03T15:45:50.778Z] >>> [apiv2][query] GET https://api.github.com/user [none]
[debug] [2022-10-03T15:45:51.047Z] <<< [apiv2][status] GET https://api.github.com/user 200
[debug] [2022-10-03T15:45:51.047Z] <<< [apiv2][body] GET https://api.github.com/user {"login":"Mohammed-blue","id":79015324,"node_id":"MDQ6VXNlcjc5MDE1MzI0","avatar_url":"https://avatars.githubusercontent.com/u/79015324?v=4","gravatar_id":"","url":"https://api.github.com/users/Mohammed-blue","html_url":"https://github.com/Mohammed-blue","followers_url":"https://api.github.com/users/Mohammed-blue/followers","following_url":"https://api.github.com/users/Mohammed-blue/following{/other_user}","gists_url":"https://api.github.com/users/Mohammed-blue/gists{/gist_id}","starred_url":"https://api.github.com/users/Mohammed-blue/starred{/owner}{/repo}","subscriptions_url":"https://api.github.com/users/Mohammed-blue/subscriptions","organizations_url":"https://api.github.com/users/Mohammed-blue/orgs","repos_url":"https://api.github.com/users/Mohammed-blue/repos","events_url":"https://api.github.com/users/Mohammed-blue/events{/privacy}","received_events_url":"https://api.github.com/users/Mohammed-blue/received_events","type":"User","site_admin":false,"name":null,"company":null,"blog":"","location":null,"email":null,"hireable":null,"bio":null,"twitter_username":null,"public_repos":24,"public_gists":0,"followers":1,"following":0,"created_at":"2021-02-13T15:55:57Z","updated_at":"2022-08-19T21:35:38Z","private_gists":0,"total_private_repos":1,"owned_private_repos":1,"disk_usage":182212,"collaborators":0,"two_factor_authentication":false,"plan":{"name":"free","space":976562499,"collaborators":0,"private_repos":10000}}
[info] 
[info] +  Success! Logged into GitHub as Mohammed-blue 
[info] 
[debug] [2022-10-03T15:46:50.579Z] >>> [apiv2][query] GET https://api.github.com/repos/https://github.com/Mohammed-blue/coivd-19-tracker.git/actions/secrets/public-key type=owner
[debug] [2022-10-03T15:46:50.761Z] <<< [apiv2][status] GET https://api.github.com/repos/https://github.com/Mohammed-blue/coivd-19-tracker.git/actions/secrets/public-key 404
[debug] [2022-10-03T15:46:50.761Z] <<< [apiv2][body] GET https://api.github.com/repos/https://github.com/Mohammed-blue/coivd-19-tracker.git/actions/secrets/public-key {"message":"Not Found","documentation_url":"https://docs.github.com/rest"}
[debug] [2022-10-03T15:47:14.161Z] >>> [apiv2][query] GET https://api.github.com/repos/Mohammed-bluehttps://github.com/Mohammed-blue/coivd-19-tracker.git/actions/secrets/public-key type=owner
[debug] [2022-10-03T15:47:14.164Z] >>> [apiv2][query] GET https://api.github.com/repos///actions/secrets/public-key type=owner
[debug] [2022-10-03T15:47:14.347Z] <<< [apiv2][status] GET https://api.github.com/repos/Mohammed-bluehttps://github.com/Mohammed-blue/coivd-19-tracker.git/actions/secrets/public-key 404
[debug] [2022-10-03T15:47:14.348Z] <<< [apiv2][body] GET https://api.github.com/repos/Mohammed-bluehttps://github.com/Mohammed-blue/coivd-19-tracker.git/actions/secrets/public-key {"message":"Not Found","documentation_url":"https://docs.github.com/rest"}
[debug] [2022-10-03T15:47:14.357Z] <<< [apiv2][status] GET https://api.github.com/repos///actions/secrets/public-key 404
[debug] [2022-10-03T15:47:14.357Z] <<< [apiv2][body] GET https://api.github.com/repos///actions/secrets/public-key {"message":"Not Found","documentation_url":"https://docs.github.com/rest"}
[debug] [2022-10-03T15:47:35.477Z] >>> [apiv2][query] GET https://api.github.com/repos/Mohammed-blue/actions/secrets/public-key type=owner
[debug] [2022-10-03T15:47:35.480Z] >>> [apiv2][query] GET https://api.github.com/repos///actions/secrets/public-key type=owner
[debug] [2022-10-03T15:47:35.709Z] <<< [apiv2][status] GET https://api.github.com/repos///actions/secrets/public-key 404
[debug] [2022-10-03T15:47:35.709Z] <<< [apiv2][body] GET https://api.github.com/repos///actions/secrets/public-key {"message":"Not Found","documentation_url":"https://docs.github.com/rest"}
[debug] [2022-10-03T15:47:35.714Z] <<< [apiv2][status] GET https://api.github.com/repos/Mohammed-blue/actions/secrets/public-key 404
[debug] [2022-10-03T15:47:35.715Z] <<< [apiv2][body] GET https://api.github.com/repos/Mohammed-blue/actions/secrets/public-key {"message":"Not Found","documentation_url":"https://docs.github.com/rest"}
[debug] [2022-10-03T15:47:37.390Z] >>> [apiv2][query] GET https://api.github.com/repos/coivd-19-tracker/Mohammed-blue/actions/secrets/public-key type=owner
[debug] [2022-10-03T15:47:37.576Z] <<< [apiv2][status] GET https://api.github.com/repos/coivd-19-tracker/Mohammed-blue/actions/secrets/public-key 404
[debug] [2022-10-03T15:47:37.576Z] <<< [apiv2][body] GET https://api.github.com/repos/coivd-19-tracker/Mohammed-blue/actions/secrets/public-key {"message":"Not Found","documentation_url":"https://docs.github.com/rest/reference/actions#get-a-repository-public-key"}
[debug] [2022-10-03T15:47:38.099Z] >>> [apiv2][query] GET https://api.github.com/repos/coivd-19-tracker/Mohammed-blue/actions/secrets/public-key type=owner
[debug] [2022-10-03T15:47:38.263Z] <<< [apiv2][status] GET https://api.github.com/repos/coivd-19-tracker/Mohammed-blue/actions/secrets/public-key 404
[debug] [2022-10-03T15:47:38.263Z] <<< [apiv2][body] GET https://api.github.com/repos/coivd-19-tracker/Mohammed-blue/actions/secrets/public-key {"message":"Not Found","documentation_url":"https://docs.github.com/rest/reference/actions#get-a-repository-public-key"}
[debug] [2022-10-03T15:47:41.587Z] >>> [apiv2][query] GET https://api.github.com/repos/coivd-19-tracker/Mohammed-blue/actions/secrets/public-key type=owner
[debug] [2022-10-03T15:47:41.771Z] <<< [apiv2][status] GET https://api.github.com/repos/coivd-19-tracker/Mohammed-blue/actions/secrets/public-key 404
[debug] [2022-10-03T15:47:41.771Z] <<< [apiv2][body] GET https://api.github.com/repos/coivd-19-tracker/Mohammed-blue/actions/secrets/public-key {"message":"Not Found","documentation_url":"https://docs.github.com/rest/reference/actions#get-a-repository-public-key"}
[debug] [2022-10-03T15:47:42.340Z] >>> [apiv2][query] GET https://api.github.com/repos/coivd-19-tracker/Mohammed-blue/actions/secrets/public-key type=owner
[debug] [2022-10-03T15:47:42.521Z] <<< [apiv2][status] GET https://api.github.com/repos/coivd-19-tracker/Mohammed-blue/actions/secrets/public-key 404
[debug] [2022-10-03T15:47:42.522Z] <<< [apiv2][body] GET https://api.github.com/repos/coivd-19-tracker/Mohammed-blue/actions/secrets/public-key {"message":"Not Found","documentation_url":"https://docs.github.com/rest/reference/actions#get-a-repository-public-key"}
[debug] [2022-10-03T15:48:53.521Z] >>> [apiv2][query] GET https://api.github.com/repos/USERNAME/REPOSITORYNAME/actions/secrets/public-key type=owner
[debug] [2022-10-03T15:48:53.762Z] <<< [apiv2][status] GET https://api.github.com/repos/USERNAME/REPOSITORYNAME/actions/secrets/public-key 404
[debug] [2022-10-03T15:48:53.763Z] <<< [apiv2][body] GET https://api.github.com/repos/USERNAME/REPOSITORYNAME/actions/secrets/public-key {"message":"Not Found","documentation_url":"https://docs.github.com/rest/reference/actions#get-a-repository-public-key"}
[debug] [2022-10-03T15:48:54.315Z] >>> [apiv2][query] GET https://api.github.com/repos/USERNAME/REPOSITORYNAME/actions/secrets/public-key type=owner
[debug] [2022-10-03T15:48:54.510Z] <<< [apiv2][status] GET https://api.github.com/repos/USERNAME/REPOSITORYNAME/actions/secrets/public-key 404
[debug] [2022-10-03T15:48:54.510Z] <<< [apiv2][body] GET https://api.github.com/repos/USERNAME/REPOSITORYNAME/actions/secrets/public-key {"message":"Not Found","documentation_url":"https://docs.github.com/rest/reference/actions#get-a-repository-public-key"}
[debug] [2022-10-03T15:49:06.291Z] >>> [apiv2][query] GET https://api.github.com/repos/user/repository/actions/secrets/public-key type=owner
[debug] [2022-10-03T15:49:06.477Z] <<< [apiv2][status] GET https://api.github.com/repos/user/repository/actions/secrets/public-key 404
[debug] [2022-10-03T15:49:06.477Z] <<< [apiv2][body] GET https://api.github.com/repos/user/repository/actions/secrets/public-key {"message":"Not Found","documentation_url":"https://docs.github.com/rest/reference/actions#get-a-repository-public-key"}
[debug] [2022-10-03T15:49:06.972Z] >>> [apiv2][query] GET https://api.github.com/repos/user/repository/actions/secrets/public-key type=owner
[debug] [2022-10-03T15:49:07.164Z] <<< [apiv2][status] GET https://api.github.com/repos/user/repository/actions/secrets/public-key 404
[debug] [2022-10-03T15:49:07.164Z] <<< [apiv2][body] GET https://api.github.com/repos/user/repository/actions/secrets/public-key {"message":"Not Found","documentation_url":"https://docs.github.com/rest/reference/actions#get-a-repository-public-key"}
[debug] [2022-10-03T15:49:07.620Z] >>> [apiv2][query] GET https://api.github.com/repos/user/repository/actions/secrets/public-key type=owner
[debug] [2022-10-03T15:49:07.813Z] <<< [apiv2][status] GET https://api.github.com/repos/user/repository/actions/secrets/public-key 404
[debug] [2022-10-03T15:49:07.814Z] <<< [apiv2][body] GET https://api.github.com/repos/user/repository/actions/secrets/public-key {"message":"Not Found","documentation_url":"https://docs.github.com/rest/reference/actions#get-a-repository-public-key"}
[debug] [2022-10-03T15:49:08.520Z] >>> [apiv2][query] GET https://api.github.com/repos/user/repository/actions/secrets/public-key type=owner
[debug] [2022-10-03T15:49:08.735Z] <<< [apiv2][status] GET https://api.github.com/repos/user/repository/actions/secrets/public-key 404
[debug] [2022-10-03T15:49:08.736Z] <<< [apiv2][body] GET https://api.github.com/repos/user/repository/actions/secrets/public-key {"message":"Not Found","documentation_url":"https://docs.github.com/rest/reference/actions#get-a-repository-public-key"}
[debug] [2022-10-03T15:49:09.197Z] >>> [apiv2][query] GET https://api.github.com/repos/user/repository/actions/secrets/public-key type=owner
[debug] [2022-10-03T15:49:09.379Z] <<< [apiv2][status] GET https://api.github.com/repos/user/repository/actions/secrets/public-key 404
[debug] [2022-10-03T15:49:09.379Z] <<< [apiv2][body] GET https://api.github.com/repos/user/repository/actions/secrets/public-key {"message":"Not Found","documentation_url":"https://docs.github.com/rest/reference/actions#get-a-repository-public-key"}
[debug] [2022-10-03T15:49:09.890Z] >>> [apiv2][query] GET https://api.github.com/repos/user/repository/actions/secrets/public-key type=owner
[debug] [2022-10-03T15:49:10.070Z] <<< [apiv2][status] GET https://api.github.com/repos/user/repository/actions/secrets/public-key 404
[debug] [2022-10-03T15:49:10.071Z] <<< [apiv2][body] GET https://api.github.com/repos/user/repository/actions/secrets/public-key {"message":"Not Found","documentation_url":"https://docs.github.com/rest/reference/actions#get-a-repository-public-key"}
[debug] [2022-10-03T15:49:58.420Z] >>> [apiv2][query] GET https://api.github.com/repos/(username/repositoryName)/actions/secrets/public-key type=owner
[debug] [2022-10-03T15:49:58.626Z] <<< [apiv2][status] GET https://api.github.com/repos/(username/repositoryName)/actions/secrets/public-key 404
[debug] [2022-10-03T15:49:58.626Z] <<< [apiv2][body] GET https://api.github.com/repos/(username/repositoryName)/actions/secrets/public-key {"message":"Not Found","documentation_url":"https://docs.github.com/rest/reference/actions#get-a-repository-public-key"}
[debug] [2022-10-03T15:50:02.165Z] >>> [apiv2][query] GET https://api.github.com/repos/(username/repositoryName)/actions/secrets/public-key type=owner
[debug] [2022-10-03T15:50:02.353Z] <<< [apiv2][status] GET https://api.github.com/repos/(username/repositoryName)/actions/secrets/public-key 404
[debug] [2022-10-03T15:50:02.353Z] <<< [apiv2][body] GET https://api.github.com/repos/(username/repositoryName)/actions/secrets/public-key {"message":"Not Found","documentation_url":"https://docs.github.com/rest/reference/actions#get-a-repository-public-key"}
[debug] [2022-10-03T15:50:09.877Z] >>> [apiv2][query] GET https://api.github.com/repos/username/repositoryName/actions/secrets/public-key type=owner
[debug] [2022-10-03T15:50:10.059Z] <<< [apiv2][status] GET https://api.github.com/repos/username/repositoryName/actions/secrets/public-key 404
[debug] [2022-10-03T15:50:10.059Z] <<< [apiv2][body] GET https://api.github.com/repos/username/repositoryName/actions/secrets/public-key {"message":"Not Found","documentation_url":"https://docs.github.com/rest/reference/actions#get-a-repository-public-key"}
[debug] [2022-10-03T15:50:10.684Z] >>> [apiv2][query] GET https://api.github.com/repos/username/repositoryName/actions/secrets/public-key type=owner
[debug] [2022-10-03T15:50:10.870Z] <<< [apiv2][status] GET https://api.github.com/repos/username/repositoryName/actions/secrets/public-key 404
[debug] [2022-10-03T15:50:10.870Z] <<< [apiv2][body] GET https://api.github.com/repos/username/repositoryName/actions/secrets/public-key {"message":"Not Found","documentation_url":"https://docs.github.com/rest/reference/actions#get-a-repository-public-key"}
[debug] [2022-10-03T15:50:11.469Z] >>> [apiv2][query] GET https://api.github.com/repos/username/repositoryName/actions/secrets/public-key type=owner
[debug] [2022-10-03T15:50:11.637Z] <<< [apiv2][status] GET https://api.github.com/repos/username/repositoryName/actions/secrets/public-key 404
[debug] [2022-10-03T15:50:11.637Z] <<< [apiv2][body] GET https://api.github.com/repos/username/repositoryName/actions/secrets/public-key {"message":"Not Found","documentation_url":"https://docs.github.com/rest/reference/actions#get-a-repository-public-key"}
[debug] [2022-10-03T15:51:14.272Z] >>> [apiv2][query] GET https://api.github.com/repos/https://github.com/Mohammed-blue/coivd-19-tracker.git/actions/secrets/public-key type=owner
[debug] [2022-10-03T15:51:14.451Z] <<< [apiv2][status] GET https://api.github.com/repos/https://github.com/Mohammed-blue/coivd-19-tracker.git/actions/secrets/public-key 404
[debug] [2022-10-03T15:51:14.451Z] <<< [apiv2][body] GET https://api.github.com/repos/https://github.com/Mohammed-blue/coivd-19-tracker.git/actions/secrets/public-key {"message":"Not Found","documentation_url":"https://docs.github.com/rest"}
[debug] [2022-10-03T15:51:14.741Z] >>> [apiv2][query] GET https://api.github.com/repos/https://github.com/Mohammed-blue/coivd-19-tracker.git/actions/secrets/public-key type=owner
[debug] [2022-10-03T15:51:14.907Z] <<< [apiv2][status] GET https://api.github.com/repos/https://github.com/Mohammed-blue/coivd-19-tracker.git/actions/secrets/public-key 404
[debug] [2022-10-03T15:51:14.907Z] <<< [apiv2][body] GET https://api.github.com/repos/https://github.com/Mohammed-blue/coivd-19-tracker.git/actions/secrets/public-key {"message":"Not Found","documentation_url":"https://docs.github.com/rest"}
[debug] [2022-10-03T15:51:15.134Z] >>> [apiv2][query] GET https://api.github.com/repos/https://github.com/Mohammed-blue/coivd-19-tracker.git/actions/secrets/public-key type=owner
[debug] [2022-10-03T15:51:15.301Z] <<< [apiv2][status] GET https://api.github.com/repos/https://github.com/Mohammed-blue/coivd-19-tracker.git/actions/secrets/public-key 404
[debug] [2022-10-03T15:51:15.301Z] <<< [apiv2][body] GET https://api.github.com/repos/https://github.com/Mohammed-blue/coivd-19-tracker.git/actions/secrets/public-key {"message":"Not Found","documentation_url":"https://docs.github.com/rest"}
